2015-05-30 01:11:29,923 - simple_logger - ERROR - Stage__screen
2015-05-30 01:11:29,925 - simple_logger - ERROR - Soundtrack
2015-05-30 01:11:29,932 - simple_logger - ERROR - Modern_classical
2015-05-30 01:11:29,936 - simple_logger - ERROR - Modern_classical
2015-05-30 01:11:29,940 - simple_logger - ERROR - Stage__screen
2015-05-30 01:11:29,940 - simple_logger - ERROR - Modern_classical
2015-05-30 01:11:29,941 - simple_logger - ERROR - Ethereal
2015-05-30 01:11:29,941 - simple_logger - ERROR - Soundtrack
2015-05-30 01:11:29,946 - simple_logger - ERROR - Stage__screen
2015-05-30 01:11:29,946 - simple_logger - ERROR - Soundtrack
2015-05-30 01:11:29,947 - simple_logger - ERROR - Contemporary_jazz
2015-05-30 01:11:29,951 - simple_logger - ERROR - Stage__screen
2015-05-30 01:11:29,951 - simple_logger - ERROR - Soundtrack
2015-05-30 01:11:29,956 - simple_logger - ERROR - Stage__screen
2015-05-30 01:11:29,956 - simple_logger - ERROR - Soundtrack
2015-05-30 01:11:29,956 - simple_logger - ERROR - Neo-classical
2015-05-30 01:11:29,957 - simple_logger - ERROR - Contemporary
2015-05-30 01:11:29,961 - simple_logger - ERROR - Stage__screen
2015-05-30 01:11:29,961 - simple_logger - ERROR - Modern_classical
2015-05-30 01:11:29,962 - simple_logger - ERROR - Ethereal
2015-05-30 01:11:29,962 - simple_logger - ERROR - Soundtrack
2015-05-30 01:11:29,967 - simple_logger - ERROR - Stage__screen
2015-05-30 01:11:29,968 - simple_logger - ERROR - Soundtrack
2015-05-30 01:11:29,969 - simple_logger - ERROR - Jazz-funk
2015-05-30 01:11:29,974 - simple_logger - ERROR - Stage__screen
2015-05-30 01:11:29,975 - simple_logger - ERROR - Soundtrack
2015-05-30 01:11:29,976 - simple_logger - ERROR - Modern_classical
2015-05-30 01:11:29,976 - simple_logger - ERROR - Contemporary
2015-05-30 01:11:29,981 - simple_logger - ERROR - Latin
2015-05-30 01:11:29,981 - simple_logger - ERROR - Funk_/_soul
2015-05-30 01:11:29,982 - simple_logger - ERROR - Stage__screen
2015-05-30 01:11:29,983 - simple_logger - ERROR - Soundtrack
2015-05-30 01:11:29,983 - simple_logger - ERROR - Theme
2015-05-30 01:11:29,987 - simple_logger - ERROR - Stage__screen
2015-05-30 01:11:29,988 - simple_logger - ERROR - Soundtrack
2015-05-30 01:11:29,988 - simple_logger - ERROR - Jazz-funk
2015-05-30 01:11:29,992 - simple_logger - ERROR - Latin
2015-05-30 01:11:29,993 - simple_logger - ERROR - Funk_/_soul
2015-05-30 01:11:29,993 - simple_logger - ERROR - Stage__screen
2015-05-30 01:11:29,994 - simple_logger - ERROR - Soundtrack
2015-05-30 01:11:29,995 - simple_logger - ERROR - Theme
2015-05-30 01:11:29,999 - simple_logger - ERROR - Contemporary
2015-05-30 01:11:30,000 - simple_logger - ERROR - Avantgarde
2015-05-30 01:11:30,004 - simple_logger - ERROR - Contemporary
2015-05-30 01:11:30,004 - simple_logger - ERROR - Avantgarde
2015-05-30 01:11:30,008 - simple_logger - ERROR - Stage__screen
2015-05-30 01:11:30,008 - simple_logger - ERROR - Soundtrack
2015-05-30 01:11:30,009 - simple_logger - ERROR - Soul-jazz
2015-05-30 01:11:30,009 - simple_logger - ERROR - Modern_classical
2015-05-30 01:11:30,013 - simple_logger - ERROR - Contemporary
2015-05-30 01:11:30,014 - simple_logger - ERROR - Avantgarde
2015-05-30 01:11:30,019 - simple_logger - ERROR - Contemporary
2015-05-30 01:11:30,019 - simple_logger - ERROR - Avantgarde
2015-05-30 01:11:30,023 - simple_logger - ERROR - Stage__screen
2015-05-30 01:11:30,024 - simple_logger - ERROR - Modern_classical
2015-05-30 01:11:30,024 - simple_logger - ERROR - Ethereal
2015-05-30 01:11:30,025 - simple_logger - ERROR - Soundtrack
2015-05-30 01:11:30,031 - simple_logger - ERROR - Modern_classical
2015-05-30 01:11:30,035 - simple_logger - ERROR - Stage__screen
2015-05-30 01:11:30,036 - simple_logger - ERROR - Soundtrack
2015-05-30 01:11:30,036 - simple_logger - ERROR - Jazz-funk
2015-05-30 01:11:30,040 - simple_logger - ERROR - Stage__screen
2015-05-30 01:11:30,040 - simple_logger - ERROR - Modern_classical
2015-05-30 01:11:30,041 - simple_logger - ERROR - Ethereal
2015-05-30 01:11:30,041 - simple_logger - ERROR - Soundtrack
2015-05-30 01:11:30,047 - simple_logger - ERROR - Modern_classical
2015-05-30 01:11:30,051 - simple_logger - ERROR - Modern_classical
2015-05-30 01:11:30,055 - simple_logger - ERROR - Stage__screen
2015-05-30 01:11:30,056 - simple_logger - ERROR - Soundtrack
2015-05-30 01:11:30,056 - simple_logger - ERROR - Jazz-funk
2015-05-30 01:11:30,061 - simple_logger - ERROR - Modern_classical
2015-05-30 01:11:30,066 - simple_logger - ERROR - Modern_classical
2015-05-30 01:11:30,070 - simple_logger - ERROR - Contemporary
2015-05-30 01:11:30,071 - simple_logger - ERROR - Avantgarde
2015-05-30 01:11:30,075 - simple_logger - ERROR - Contemporary
2015-05-30 01:11:30,076 - simple_logger - ERROR - Avantgarde
2015-05-30 01:11:30,079 - simple_logger - ERROR - Stage__screen
2015-05-30 01:11:30,080 - simple_logger - ERROR - Soundtrack
2015-05-30 01:11:30,080 - simple_logger - ERROR - Jazz-funk
2015-05-30 01:11:30,084 - simple_logger - ERROR - Latin
2015-05-30 01:11:30,085 - simple_logger - ERROR - Funk_/_soul
2015-05-30 01:11:30,085 - simple_logger - ERROR - Stage__screen
2015-05-30 01:11:30,086 - simple_logger - ERROR - Soundtrack
2015-05-30 01:11:30,086 - simple_logger - ERROR - Theme
2015-05-30 01:11:30,090 - simple_logger - ERROR - Stage__screen
2015-05-30 01:11:30,091 - simple_logger - ERROR - Modern_classical
2015-05-30 01:11:30,091 - simple_logger - ERROR - Ethereal
2015-05-30 01:11:30,092 - simple_logger - ERROR - Soundtrack
2015-05-30 01:11:30,097 - simple_logger - ERROR - Stage__screen
2015-05-30 01:11:30,098 - simple_logger - ERROR - Modern_classical
2015-05-30 01:11:30,098 - simple_logger - ERROR - Ethereal
2015-05-30 01:11:30,099 - simple_logger - ERROR - Soundtrack
2015-05-30 01:11:30,104 - simple_logger - ERROR - Stage__screen
2015-05-30 01:11:30,104 - simple_logger - ERROR - Soundtrack
2015-05-30 01:11:30,105 - simple_logger - ERROR - Soul-jazz
2015-05-30 01:11:30,105 - simple_logger - ERROR - Modern_classical
2015-05-30 01:11:30,108 - simple_logger - ERROR - Stage__screen
2015-05-30 01:11:30,109 - simple_logger - ERROR - Modern_classical
2015-05-30 01:11:30,109 - simple_logger - ERROR - Ethereal
2015-05-30 01:11:30,110 - simple_logger - ERROR - Soundtrack
2015-05-30 01:11:30,115 - simple_logger - ERROR - Stage__screen
2015-05-30 01:11:30,115 - simple_logger - ERROR - Modern_classical
2015-05-30 01:11:30,116 - simple_logger - ERROR - Ethereal
2015-05-30 01:11:30,116 - simple_logger - ERROR - Soundtrack
2015-05-30 01:11:30,121 - simple_logger - ERROR - Stage__screen
2015-05-30 01:11:30,122 - simple_logger - ERROR - Modern_classical
2015-05-30 01:11:30,122 - simple_logger - ERROR - Ethereal
2015-05-30 01:11:30,123 - simple_logger - ERROR - Soundtrack
2015-05-30 01:11:30,127 - simple_logger - ERROR - Contemporary
2015-05-30 01:11:30,128 - simple_logger - ERROR - Avantgarde
2015-05-30 01:11:30,132 - simple_logger - ERROR - Contemporary
2015-05-30 01:11:30,133 - simple_logger - ERROR - Avantgarde
2015-05-30 01:11:30,137 - simple_logger - ERROR - Stage__screen
2015-05-30 01:11:30,137 - simple_logger - ERROR - Modern_classical
2015-05-30 01:11:30,138 - simple_logger - ERROR - Ethereal
2015-05-30 01:11:30,138 - simple_logger - ERROR - Soundtrack
2015-05-30 01:11:30,143 - simple_logger - ERROR - Stage__screen
2015-05-30 01:11:30,144 - simple_logger - ERROR - Modern_classical
2015-05-30 01:11:30,144 - simple_logger - ERROR - Ethereal
2015-05-30 01:11:30,145 - simple_logger - ERROR - Soundtrack
2015-05-30 01:11:30,150 - simple_logger - ERROR - Stage__screen
2015-05-30 01:11:30,150 - simple_logger - ERROR - Soundtrack
2015-05-30 01:11:30,153 - simple_logger - ERROR - Stage__screen
2015-05-30 01:11:30,154 - simple_logger - ERROR - Modern_classical
2015-05-30 01:11:30,154 - simple_logger - ERROR - Ethereal
2015-05-30 01:11:30,155 - simple_logger - ERROR - Soundtrack
2015-05-30 01:11:30,161 - simple_logger - ERROR - Stage__screen
2015-05-30 01:11:30,162 - simple_logger - ERROR - Soundtrack
2015-05-30 01:11:30,163 - simple_logger - ERROR - Contemporary_jazz
2015-05-30 01:11:30,167 - simple_logger - ERROR - Stage__screen
2015-05-30 01:11:30,167 - simple_logger - ERROR - Modern_classical
2015-05-30 01:11:30,168 - simple_logger - ERROR - Ethereal
2015-05-30 01:11:30,168 - simple_logger - ERROR - Soundtrack
2015-05-30 01:11:30,173 - simple_logger - ERROR - Stage__screen
2015-05-30 01:11:30,174 - simple_logger - ERROR - Modern_classical
2015-05-30 01:11:30,174 - simple_logger - ERROR - Ethereal
2015-05-30 01:11:30,175 - simple_logger - ERROR - Soundtrack
2015-05-30 01:11:30,182 - simple_logger - ERROR - Contemporary
2015-05-30 01:11:30,182 - simple_logger - ERROR - Avantgarde
2015-05-30 01:11:30,189 - simple_logger - ERROR - Stage__screen
2015-05-30 01:11:30,190 - simple_logger - ERROR - Modern_classical
2015-05-30 01:11:30,190 - simple_logger - ERROR - Ethereal
2015-05-30 01:11:30,191 - simple_logger - ERROR - Soundtrack
2015-05-30 01:11:30,196 - simple_logger - ERROR - Latin
2015-05-30 01:11:30,196 - simple_logger - ERROR - Funk_/_soul
2015-05-30 01:11:30,197 - simple_logger - ERROR - Stage__screen
2015-05-30 01:11:30,197 - simple_logger - ERROR - Soundtrack
2015-05-30 01:11:30,198 - simple_logger - ERROR - Theme
2015-05-30 01:11:30,203 - simple_logger - ERROR - Stage__screen
2015-05-30 01:11:30,203 - simple_logger - ERROR - Soundtrack
2015-05-30 01:11:30,204 - simple_logger - ERROR - Soul-jazz
2015-05-30 01:11:30,205 - simple_logger - ERROR - Score
2015-05-30 01:11:30,209 - simple_logger - ERROR - Latin
2015-05-30 01:11:30,209 - simple_logger - ERROR - Funk_/_soul
2015-05-30 01:11:30,209 - simple_logger - ERROR - Stage__screen
2015-05-30 01:11:30,210 - simple_logger - ERROR - Soundtrack
2015-05-30 01:11:30,210 - simple_logger - ERROR - Theme
2015-05-30 01:11:30,214 - simple_logger - ERROR - Modern_classical
2015-05-30 01:11:30,219 - simple_logger - ERROR - Modern_classical
2015-05-30 01:11:30,222 - simple_logger - ERROR - Stage__screen
2015-05-30 01:11:30,223 - simple_logger - ERROR - Soundtrack
2015-05-30 01:11:30,227 - simple_logger - ERROR - Modern_classical
2015-05-30 01:11:30,231 - simple_logger - ERROR - Modern_classical
2015-05-30 01:11:30,237 - simple_logger - ERROR - Stage__screen
2015-05-30 01:11:30,237 - simple_logger - ERROR - Soundtrack
2015-05-30 01:11:30,238 - simple_logger - ERROR - Contemporary_jazz
2015-05-30 01:11:30,243 - simple_logger - ERROR - Stage__screen
2015-05-30 01:11:30,243 - simple_logger - ERROR - Soundtrack
2015-05-30 01:11:30,244 - simple_logger - ERROR - Contemporary_jazz
2015-05-30 01:11:30,248 - simple_logger - ERROR - Stage__screen
2015-05-30 01:11:30,249 - simple_logger - ERROR - Soundtrack
2015-05-30 01:11:30,249 - simple_logger - ERROR - Soul-jazz
2015-05-30 01:11:30,250 - simple_logger - ERROR - Score
2015-05-30 01:11:30,254 - simple_logger - ERROR - Stage__screen
2015-05-30 01:11:30,254 - simple_logger - ERROR - Modern_classical
2015-05-30 01:11:30,254 - simple_logger - ERROR - Ethereal
2015-05-30 01:11:30,255 - simple_logger - ERROR - Soundtrack
2015-05-30 01:11:30,261 - simple_logger - ERROR - Modern_classical
2015-05-30 01:11:30,265 - simple_logger - ERROR - Stage__screen
2015-05-30 01:11:30,265 - simple_logger - ERROR - Soundtrack
2015-05-30 01:11:30,266 - simple_logger - ERROR - Soul-jazz
2015-05-30 01:11:30,266 - simple_logger - ERROR - Score
2015-05-30 01:11:30,270 - simple_logger - ERROR - Stage__screen
2015-05-30 01:11:30,270 - simple_logger - ERROR - Soundtrack
2015-05-30 01:11:30,271 - simple_logger - ERROR - Contemporary_jazz
2015-05-30 01:11:30,274 - simple_logger - ERROR - Stage__screen
2015-05-30 01:11:30,274 - simple_logger - ERROR - Soundtrack
2015-05-30 01:11:30,275 - simple_logger - ERROR - Contemporary_jazz
2015-05-30 01:11:30,280 - simple_logger - ERROR - Contemporary
2015-05-30 01:11:30,280 - simple_logger - ERROR - Avantgarde
2015-05-30 01:11:30,286 - simple_logger - ERROR - Contemporary
2015-05-30 01:11:30,286 - simple_logger - ERROR - Avantgarde
2015-05-30 01:11:30,290 - simple_logger - ERROR - Stage__screen
2015-05-30 01:11:30,291 - simple_logger - ERROR - Soundtrack
2015-05-30 01:11:30,295 - simple_logger - ERROR - Stage__screen
2015-05-30 01:11:30,296 - simple_logger - ERROR - Modern_classical
2015-05-30 01:11:30,296 - simple_logger - ERROR - Ethereal
2015-05-30 01:11:30,297 - simple_logger - ERROR - Soundtrack
2015-05-30 01:11:30,302 - simple_logger - ERROR - Stage__screen
2015-05-30 01:11:30,302 - simple_logger - ERROR - Soundtrack
2015-05-30 01:11:30,303 - simple_logger - ERROR - Score
2015-05-30 01:11:30,303 - simple_logger - ERROR - Contemporary
2015-05-30 01:11:30,307 - simple_logger - ERROR - Stage__screen
2015-05-30 01:11:30,307 - simple_logger - ERROR - Soundtrack
2015-05-30 01:11:30,310 - simple_logger - ERROR - Latin
2015-05-30 01:11:30,311 - simple_logger - ERROR - Funk_/_soul
2015-05-30 01:11:30,311 - simple_logger - ERROR - Stage__screen
2015-05-30 01:11:30,312 - simple_logger - ERROR - Soundtrack
2015-05-30 01:11:30,312 - simple_logger - ERROR - Theme
2015-05-30 01:11:30,316 - simple_logger - ERROR - Contemporary
2015-05-30 01:11:30,317 - simple_logger - ERROR - Avantgarde
2015-05-30 01:11:30,321 - simple_logger - ERROR - Contemporary
2015-05-30 01:11:30,322 - simple_logger - ERROR - Avantgarde
2015-05-30 01:11:30,327 - simple_logger - ERROR - Contemporary
2015-05-30 01:11:30,327 - simple_logger - ERROR - Avantgarde
2015-05-30 01:11:30,332 - simple_logger - ERROR - Contemporary
2015-05-30 01:11:30,332 - simple_logger - ERROR - Avantgarde
2015-05-30 01:11:30,336 - simple_logger - ERROR - Stage__screen
2015-05-30 01:11:30,337 - simple_logger - ERROR - Soundtrack
2015-05-30 01:11:30,339 - simple_logger - ERROR - Stage__screen
2015-05-30 01:11:30,340 - simple_logger - ERROR - Modern_classical
2015-05-30 01:11:30,340 - simple_logger - ERROR - Ethereal
2015-05-30 01:11:30,341 - simple_logger - ERROR - Soundtrack
2015-05-30 01:11:30,345 - simple_logger - ERROR - Modern_classical
2015-05-30 01:11:30,350 - simple_logger - ERROR - Modern_classical
2015-05-30 01:11:30,356 - simple_logger - ERROR - Contemporary
2015-05-30 01:11:30,356 - simple_logger - ERROR - Avantgarde
2015-05-30 01:11:30,362 - simple_logger - ERROR - Contemporary
2015-05-30 01:11:30,363 - simple_logger - ERROR - Avantgarde
2015-05-30 01:11:30,368 - simple_logger - ERROR - Stage__screen
2015-05-30 01:11:30,370 - simple_logger - ERROR - Modern_classical
2015-05-30 01:11:30,370 - simple_logger - ERROR - Ethereal
2015-05-30 01:11:30,371 - simple_logger - ERROR - Soundtrack
2015-05-30 01:11:30,378 - simple_logger - ERROR - Stage__screen
2015-05-30 01:11:30,379 - simple_logger - ERROR - Soundtrack
2015-05-30 01:11:30,379 - simple_logger - ERROR - Neo-classical
2015-05-30 01:11:30,380 - simple_logger - ERROR - Contemporary
2015-05-30 01:11:30,384 - simple_logger - ERROR - Latin
2015-05-30 01:11:30,384 - simple_logger - ERROR - Funk_/_soul
2015-05-30 01:11:30,385 - simple_logger - ERROR - Stage__screen
2015-05-30 01:11:30,385 - simple_logger - ERROR - Soundtrack
2015-05-30 01:11:30,386 - simple_logger - ERROR - Theme
2015-05-30 01:11:30,390 - simple_logger - ERROR - Latin
2015-05-30 01:11:30,391 - simple_logger - ERROR - Funk_/_soul
2015-05-30 01:11:30,391 - simple_logger - ERROR - Stage__screen
2015-05-30 01:11:30,392 - simple_logger - ERROR - Soundtrack
2015-05-30 01:11:30,392 - simple_logger - ERROR - Theme
2015-05-30 01:11:30,396 - simple_logger - ERROR - Latin
2015-05-30 01:11:30,397 - simple_logger - ERROR - Funk_/_soul
2015-05-30 01:11:30,397 - simple_logger - ERROR - Stage__screen
2015-05-30 01:11:30,398 - simple_logger - ERROR - Soundtrack
2015-05-30 01:11:30,398 - simple_logger - ERROR - Theme
2015-05-30 01:11:30,402 - simple_logger - ERROR - Stage__screen
2015-05-30 01:11:30,403 - simple_logger - ERROR - Soundtrack
2015-05-30 01:11:30,406 - simple_logger - ERROR - Stage__screen
2015-05-30 01:11:30,407 - simple_logger - ERROR - Soundtrack
2015-05-30 01:11:30,407 - simple_logger - ERROR - Contemporary_jazz
2015-05-30 01:11:30,413 - simple_logger - ERROR - Modern_classical
2015-05-30 01:11:30,418 - simple_logger - ERROR - Modern_classical
2015-05-30 01:11:30,423 - simple_logger - ERROR - Contemporary
2015-05-30 01:11:30,424 - simple_logger - ERROR - Avantgarde
2015-05-30 01:11:30,428 - simple_logger - ERROR - Contemporary
2015-05-30 01:11:30,429 - simple_logger - ERROR - Avantgarde
2015-05-30 01:11:30,432 - simple_logger - ERROR - Stage__screen
2015-05-30 01:11:30,433 - simple_logger - ERROR - Soundtrack
2015-05-30 01:11:30,433 - simple_logger - ERROR - Contemporary_jazz
2015-05-30 01:11:30,437 - simple_logger - ERROR - Stage__screen
2015-05-30 01:11:30,437 - simple_logger - ERROR - Soundtrack
2015-05-30 01:11:30,438 - simple_logger - ERROR - Contemporary_jazz
2015-05-30 01:11:30,442 - simple_logger - ERROR - Contemporary
2015-05-30 01:11:30,442 - simple_logger - ERROR - Avantgarde
2015-05-30 01:11:30,446 - simple_logger - ERROR - Contemporary
2015-05-30 01:11:30,447 - simple_logger - ERROR - Avantgarde
2015-05-30 01:11:30,451 - simple_logger - ERROR - Modern_classical
2015-05-30 01:11:30,455 - simple_logger - ERROR - Modern_classical
2015-05-30 01:11:30,460 - simple_logger - ERROR - Contemporary
2015-05-30 01:11:30,461 - simple_logger - ERROR - Avantgarde
2015-05-30 01:11:30,465 - simple_logger - ERROR - Contemporary
2015-05-30 01:11:30,465 - simple_logger - ERROR - Avantgarde
2015-05-30 01:11:30,470 - simple_logger - ERROR - Contemporary
2015-05-30 01:11:30,470 - simple_logger - ERROR - Avantgarde
2015-05-30 01:11:30,475 - simple_logger - ERROR - Contemporary
2015-05-30 01:11:30,476 - simple_logger - ERROR - Avantgarde
2015-05-30 01:11:30,480 - simple_logger - ERROR - Modern_classical
2015-05-30 01:11:30,484 - simple_logger - ERROR - Modern_classical
2015-05-30 01:11:30,488 - simple_logger - ERROR - Stage__screen
2015-05-30 01:11:30,489 - simple_logger - ERROR - Modern_classical
2015-05-30 01:11:30,489 - simple_logger - ERROR - Ethereal
2015-05-30 01:11:30,490 - simple_logger - ERROR - Soundtrack
2015-05-30 01:11:30,495 - simple_logger - ERROR - Stage__screen
2015-05-30 01:11:30,496 - simple_logger - ERROR - Soundtrack
2015-05-30 01:11:30,500 - simple_logger - ERROR - Contemporary
2015-05-30 01:11:30,501 - simple_logger - ERROR - Avantgarde
2015-05-30 01:11:30,506 - simple_logger - ERROR - Contemporary
2015-05-30 01:11:30,507 - simple_logger - ERROR - Avantgarde
2015-05-30 01:11:30,510 - simple_logger - ERROR - Stage__screen
2015-05-30 01:11:30,510 - simple_logger - ERROR - Soundtrack
2015-05-30 01:11:30,511 - simple_logger - ERROR - Neo-classical
2015-05-30 01:11:30,511 - simple_logger - ERROR - Contemporary
2015-05-30 01:11:30,516 - simple_logger - ERROR - Stage__screen
2015-05-30 01:11:30,517 - simple_logger - ERROR - Soundtrack
2015-05-30 01:11:30,518 - simple_logger - ERROR - Modern_classical
2015-05-30 01:11:30,518 - simple_logger - ERROR - Contemporary
