07/19/2015 04:19:19 PM 7952 140735132717824: Discogs Main Program Starting
07/19/2015 04:19:27 PM 7952 140735132717824: [(46,)]
07/19/2015 04:19:27 PM 7952 140735132717824: Getting the Folders List
07/19/2015 04:19:27 PM 7952 140735132717824: Folders List:
07/19/2015 04:19:27 PM 7952 140735132717824: Creating blocks
07/19/2015 04:19:27 PM 7952 140735132717824: Starting Processes:
07/19/2015 04:22:27 PM 7952 140735132717824: completed for split : 46
07/19/2015 04:24:42 PM 7986 140735132717824: Discogs Main Program Starting
07/19/2015 04:24:43 PM 7986 140735132717824: invalid literal for int() with base 10: ''
Traceback (most recent call last):
  File "parallel_databasepush_discogs.py", line 19, in <module>
    folders = int(folders)
ValueError: invalid literal for int() with base 10: ''
07/19/2015 05:14:12 PM 8093 140735132717824: Discogs Main Program Starting
07/19/2015 05:14:21 PM 8093 140735132717824: [(46,)]
07/19/2015 05:14:21 PM 8093 140735132717824: Getting the Folders List
07/19/2015 05:14:21 PM 8093 140735132717824: Folders List:
07/19/2015 05:14:21 PM 8093 140735132717824: Creating blocks
07/19/2015 05:14:21 PM 8093 140735132717824: Starting Processes:
07/19/2015 05:14:40 PM 8093 140735132717824: completed for split : 46
07/19/2015 05:29:16 PM 8145 140735132717824: Discogs Main Program Starting
07/19/2015 05:29:22 PM 8145 140735132717824: [(46,)]
07/19/2015 05:29:22 PM 8145 140735132717824: Getting the Folders List
07/19/2015 05:29:22 PM 8145 140735132717824: Folders List:
07/19/2015 05:29:22 PM 8145 140735132717824: Creating blocks
07/19/2015 05:29:22 PM 8145 140735132717824: Starting Processes:
07/19/2015 05:29:41 PM 8145 140735132717824: completed for split : 46
07/19/2015 05:31:37 PM 8173 140735132717824: Discogs Main Program Starting
07/19/2015 05:31:43 PM 8173 140735132717824: [(46,)]
07/19/2015 05:31:43 PM 8173 140735132717824: Getting the Folders List
07/19/2015 05:31:43 PM 8173 140735132717824: Folders List:
07/19/2015 05:31:43 PM 8173 140735132717824: Creating blocks
07/19/2015 05:31:43 PM 8173 140735132717824: Starting Processes:
07/19/2015 05:32:02 PM 8173 140735132717824: completed for split : 46
07/19/2015 05:32:17 PM 8199 140735132717824: Discogs Main Program Starting
07/19/2015 05:32:21 PM 8199 140735132717824: [(46,)]
07/19/2015 05:32:21 PM 8199 140735132717824: Getting the Folders List
07/19/2015 05:32:21 PM 8199 140735132717824: Folders List:
07/19/2015 05:32:21 PM 8199 140735132717824: Creating blocks
07/19/2015 05:32:21 PM 8199 140735132717824: Starting Processes:
07/19/2015 05:35:19 PM 8199 140735132717824: completed for split : 46
07/19/2015 05:35:28 PM 8219 140735132717824: Discogs Main Program Starting
07/19/2015 05:35:34 PM 8219 140735132717824: [(46,)]
07/19/2015 05:35:34 PM 8219 140735132717824: Getting the Folders List
07/19/2015 05:35:34 PM 8219 140735132717824: Folders List:
07/19/2015 05:35:34 PM 8219 140735132717824: Creating blocks
07/19/2015 05:35:34 PM 8219 140735132717824: Starting Processes:
07/19/2015 05:38:19 PM 8219 140735132717824: completed for split : 46
07/19/2015 05:38:51 PM 8234 140735132717824: Discogs Main Program Starting
07/19/2015 05:38:57 PM 8234 140735132717824: [(46,)]
07/19/2015 05:38:57 PM 8234 140735132717824: Getting the Folders List
07/19/2015 05:38:57 PM 8234 140735132717824: Folders List:
07/19/2015 05:38:57 PM 8234 140735132717824: Creating blocks
07/19/2015 05:38:57 PM 8234 140735132717824: Starting Processes:
07/19/2015 05:39:15 PM 8234 140735132717824: completed for split : 46
07/19/2015 05:51:44 PM 8264 140735132717824: Discogs Main Program Starting
07/19/2015 05:51:54 PM 8264 140735132717824: [(46,)]
07/19/2015 05:51:54 PM 8264 140735132717824: Getting the Folders List
07/19/2015 05:51:54 PM 8264 140735132717824: Folders List:
07/19/2015 05:51:54 PM 8264 140735132717824: Creating blocks
07/19/2015 05:51:54 PM 8264 140735132717824: Starting Processes:
07/19/2015 05:52:20 PM 8264 140735132717824: completed for split : 46
07/19/2015 05:59:48 PM 8299 140735132717824: Discogs Main Program Starting
07/19/2015 05:59:54 PM 8299 140735132717824: [(46,)]
07/19/2015 05:59:54 PM 8299 140735132717824: Getting the Folders List
07/19/2015 05:59:54 PM 8299 140735132717824: Folders List:
07/19/2015 05:59:54 PM 8299 140735132717824: Creating blocks
07/19/2015 05:59:54 PM 8299 140735132717824: Starting Processes:
07/19/2015 05:59:54 PM 8299 140735132717824: completed for split : 46
07/19/2015 06:00:05 PM 8304 140735132717824: Discogs Main Program Starting
07/19/2015 06:00:11 PM 8304 140735132717824: [(46,)]
07/19/2015 06:00:11 PM 8304 140735132717824: Getting the Folders List
07/19/2015 06:00:11 PM 8304 140735132717824: Folders List:
07/19/2015 06:00:11 PM 8304 140735132717824: Creating blocks
07/19/2015 06:00:11 PM 8304 140735132717824: Starting Processes:
07/19/2015 06:00:20 PM 8304 140735132717824: completed for split : 46
07/19/2015 06:01:21 PM 8331 140735132717824: Discogs Main Program Starting
07/19/2015 06:01:29 PM 8331 140735132717824: [(46,)]
07/19/2015 06:01:29 PM 8331 140735132717824: Getting the Folders List
07/19/2015 06:01:29 PM 8331 140735132717824: Folders List:
07/19/2015 06:01:29 PM 8331 140735132717824: Creating blocks
07/19/2015 06:01:29 PM 8331 140735132717824: Starting Processes:
07/19/2015 06:01:48 PM 8331 140735132717824: completed for split : 46
07/19/2015 06:06:10 PM 8359 140735132717824: Discogs Main Program Starting
07/19/2015 06:06:16 PM 8359 140735132717824: [(46,)]
07/19/2015 06:06:16 PM 8359 140735132717824: Getting the Folders List
07/19/2015 06:06:16 PM 8359 140735132717824: Folders List:
07/19/2015 06:06:16 PM 8359 140735132717824: Creating blocks
07/19/2015 06:06:16 PM 8359 140735132717824: Starting Processes:
07/19/2015 06:06:35 PM 8359 140735132717824: completed for split : 46
07/19/2015 06:08:12 PM 8385 140735132717824: Discogs Main Program Starting
07/19/2015 06:08:20 PM 8385 140735132717824: [(46,)]
07/19/2015 06:08:20 PM 8385 140735132717824: Getting the Folders List
07/19/2015 06:08:20 PM 8385 140735132717824: Folders List:
07/19/2015 06:08:20 PM 8385 140735132717824: Creating blocks
07/19/2015 06:08:20 PM 8385 140735132717824: Starting Processes:
07/19/2015 06:08:38 PM 8385 140735132717824: completed for split : 46
07/19/2015 06:15:27 PM 8424 140735132717824: Discogs Main Program Starting
07/19/2015 06:15:33 PM 8424 140735132717824: [(46,)]
07/19/2015 06:15:33 PM 8424 140735132717824: Getting the Folders List
07/19/2015 06:15:33 PM 8424 140735132717824: Folders List:
07/19/2015 06:15:33 PM 8424 140735132717824: Creating blocks
07/19/2015 06:15:33 PM 8424 140735132717824: Starting Processes:
07/19/2015 06:15:52 PM 8424 140735132717824: completed for split : 46
07/19/2015 06:18:54 PM 8452 140735132717824: Discogs Main Program Starting
07/19/2015 06:36:21 PM 8452 140735132717824: [(46,)]
07/19/2015 06:36:21 PM 8452 140735132717824: Getting the Folders List
07/19/2015 06:36:21 PM 8452 140735132717824: Folders List:
07/19/2015 06:36:21 PM 8452 140735132717824: Creating blocks
07/19/2015 06:36:21 PM 8452 140735132717824: Starting Processes:
07/19/2015 06:36:41 PM 8452 140735132717824: completed for split : 46
07/19/2015 06:51:35 PM 8534 140735132717824: Discogs Main Program Starting
07/19/2015 06:51:41 PM 8534 140735132717824: [(46,)]
07/19/2015 06:51:41 PM 8534 140735132717824: Getting the Folders List
07/19/2015 06:51:41 PM 8534 140735132717824: Folders List:
07/19/2015 06:51:41 PM 8534 140735132717824: Creating blocks
07/19/2015 06:51:41 PM 8534 140735132717824: Starting Processes:
07/19/2015 06:52:00 PM 8534 140735132717824: completed for split : 46
07/19/2015 07:46:37 PM 8700 140735132717824: Discogs Main Program Starting
07/19/2015 07:46:43 PM 8700 140735132717824: [(46,)]
07/19/2015 07:46:43 PM 8700 140735132717824: Getting the Folders List
07/19/2015 07:46:43 PM 8700 140735132717824: Folders List:
07/19/2015 07:46:43 PM 8700 140735132717824: Creating blocks
07/19/2015 07:46:43 PM 8700 140735132717824: Starting Processes:
07/19/2015 07:46:44 PM 8700 140735132717824: completed for split : 46
07/19/2015 07:47:10 PM 8705 140735132717824: Discogs Main Program Starting
07/19/2015 07:47:19 PM 8705 140735132717824: [(46,)]
07/19/2015 07:47:19 PM 8705 140735132717824: Getting the Folders List
07/19/2015 07:47:19 PM 8705 140735132717824: Folders List:
07/19/2015 07:47:19 PM 8705 140735132717824: Creating blocks
07/19/2015 07:47:19 PM 8705 140735132717824: Starting Processes:
07/19/2015 07:47:38 PM 8705 140735132717824: completed for split : 46
07/19/2015 07:47:48 PM 8732 140735132717824: Discogs Main Program Starting
07/19/2015 07:47:53 PM 8732 140735132717824: [(46,)]
07/19/2015 07:47:53 PM 8732 140735132717824: Getting the Folders List
07/19/2015 07:47:53 PM 8732 140735132717824: Folders List:
07/19/2015 07:47:53 PM 8732 140735132717824: Creating blocks
07/19/2015 07:47:53 PM 8732 140735132717824: Starting Processes:
07/19/2015 07:48:11 PM 8732 140735132717824: completed for split : 46
07/19/2015 07:51:43 PM 8757 140735132717824: Discogs Main Program Starting
07/19/2015 07:51:49 PM 8757 140735132717824: [(46,)]
07/19/2015 07:51:49 PM 8757 140735132717824: Getting the Folders List
07/19/2015 07:51:49 PM 8757 140735132717824: Folders List:
07/19/2015 07:51:49 PM 8757 140735132717824: Creating blocks
07/19/2015 07:51:49 PM 8757 140735132717824: Starting Processes:
07/19/2015 07:52:08 PM 8757 140735132717824: completed for split : 46
07/19/2015 08:17:55 PM 8792 140735132717824: Discogs Main Program Starting
07/19/2015 08:18:02 PM 8792 140735132717824: [(46,)]
07/19/2015 08:18:02 PM 8792 140735132717824: Getting the Folders List
07/19/2015 08:18:02 PM 8792 140735132717824: Folders List:
07/19/2015 08:18:02 PM 8792 140735132717824: Creating blocks
07/19/2015 08:18:02 PM 8792 140735132717824: Starting Processes:
07/19/2015 08:18:23 PM 8792 140735132717824: completed for split : 46
07/19/2015 08:23:16 PM 8820 140735132717824: Discogs Main Program Starting
07/19/2015 08:23:22 PM 8820 140735132717824: [(46,)]
07/19/2015 08:23:22 PM 8820 140735132717824: Getting the Folders List
07/19/2015 08:23:22 PM 8820 140735132717824: Folders List:
07/19/2015 08:23:22 PM 8820 140735132717824: Creating blocks
07/19/2015 08:23:22 PM 8820 140735132717824: Starting Processes:
07/19/2015 08:23:43 PM 8820 140735132717824: completed for split : 46
07/19/2015 08:45:14 PM 8853 140735132717824: Discogs Main Program Starting
07/19/2015 08:45:20 PM 8853 140735132717824: [(46,)]
07/19/2015 08:45:20 PM 8853 140735132717824: Getting the Folders List
07/19/2015 08:45:20 PM 8853 140735132717824: Folders List:
07/19/2015 08:45:20 PM 8853 140735132717824: Creating blocks
07/19/2015 08:45:20 PM 8853 140735132717824: Starting Processes:
07/19/2015 08:45:44 PM 8853 140735132717824: completed for split : 46
07/20/2015 11:28:11 PM 9297 140735132717824: Discogs Main Program Starting
07/20/2015 11:28:17 PM 9297 140735132717824: [(46,)]
07/20/2015 11:28:17 PM 9297 140735132717824: Getting the Folders List
07/20/2015 11:28:17 PM 9297 140735132717824: Folders List:
07/20/2015 11:28:17 PM 9297 140735132717824: Creating blocks
07/20/2015 11:28:17 PM 9297 140735132717824: Starting Processes:
07/20/2015 11:28:46 PM 9297 140735132717824: completed for split : 46
07/20/2015 11:40:43 PM 9324 140735132717824: Discogs Main Program Starting
07/20/2015 11:40:51 PM 9324 140735132717824: invalid literal for int() with base 10: ''
Traceback (most recent call last):
  File "parallel_databasepush_discogs.py", line 19, in <module>
    folders = int(folders)
ValueError: invalid literal for int() with base 10: ''
07/21/2015 12:14:08 AM 9334 140735132717824: Discogs Main Program Starting
07/21/2015 12:14:13 AM 9334 140735132717824: [(40,)]
07/21/2015 12:14:13 AM 9334 140735132717824: Getting the Folders List
07/21/2015 12:14:13 AM 9334 140735132717824: Folders List:
07/21/2015 12:14:13 AM 9334 140735132717824: Creating blocks
07/21/2015 12:14:13 AM 9334 140735132717824: Starting Processes:
07/21/2015 12:14:24 AM 9334 140735132717824: completed for split : 40
